<?xml version="1.0" encoding="UTF-8"?>
<coverage generated="1579730368308" clover="3.2.0">
  <project timestamp="1579730368308" name="All files">
    <metrics statements="24" coveredstatements="24" conditionals="19" coveredconditionals="19" methods="7" coveredmethods="7" elements="50" coveredelements="50" complexity="0" loc="24" ncloc="24" packages="1" files="1" classes="1"/>
    <file name="createCharacter.js" path="C:\Users\Vladimir\Downloads\Netology\Домашние задания продвинутый Javascript\Math\1st task\src\js\createCharacter.js">
      <metrics statements="24" coveredstatements="24" conditionals="19" coveredconditionals="19" methods="7" coveredmethods="7"/>
      <line num="4" count="8" type="stmt"/>
      <line num="5" count="8" type="stmt"/>
      <line num="6" count="8" type="stmt"/>
      <line num="7" count="8" type="stmt"/>
      <line num="12" count="8" type="cond" truecount="5" falsecount="0"/>
      <line num="13" count="3" type="stmt"/>
      <line num="18" count="8" type="cond" truecount="4" falsecount="0"/>
      <line num="19" count="6" type="cond" truecount="5" falsecount="0"/>
      <line num="20" count="2" type="stmt"/>
      <line num="22" count="6" type="cond" truecount="5" falsecount="0"/>
      <line num="23" count="2" type="stmt"/>
      <line num="28" count="6" type="stmt"/>
      <line num="34" count="2" type="stmt"/>
      <line num="35" count="2" type="stmt"/>
      <line num="36" count="2" type="stmt"/>
      <line num="37" count="2" type="stmt"/>
      <line num="43" count="2" type="stmt"/>
      <line num="44" count="2" type="stmt"/>
      <line num="45" count="2" type="stmt"/>
      <line num="46" count="2" type="stmt"/>
      <line num="52" count="4" type="stmt"/>
      <line num="53" count="4" type="stmt"/>
      <line num="54" count="4" type="stmt"/>
      <line num="55" count="4" type="stmt"/>
    </file>
  </project>
</coverage>
