TN:
SF:C:\Users\Vladimir\Downloads\Netology\Домашние задания продвинутый Javascript\Math\1st task\src\js\createCharacter.js
FN:3,(anonymous_0)
FN:11,(anonymous_1)
FN:17,(anonymous_2)
FN:27,(anonymous_3)
FN:33,(anonymous_4)
FN:42,(anonymous_5)
FN:51,(anonymous_6)
FNF:7
FNH:7
FNDA:8,(anonymous_0)
FNDA:8,(anonymous_1)
FNDA:8,(anonymous_2)
FNDA:6,(anonymous_3)
FNDA:2,(anonymous_4)
FNDA:2,(anonymous_5)
FNDA:4,(anonymous_6)
DA:4,8
DA:5,8
DA:6,8
DA:7,8
DA:12,8
DA:13,3
DA:18,8
DA:19,6
DA:20,2
DA:22,6
DA:23,2
DA:28,6
DA:34,2
DA:35,2
DA:36,2
DA:37,2
DA:43,2
DA:44,2
DA:45,2
DA:46,2
DA:52,4
DA:53,4
DA:54,4
DA:55,4
LF:24
LH:24
BRDA:12,0,0,3
BRDA:12,0,1,5
BRDA:12,1,0,8
BRDA:12,1,1,4
BRDA:12,1,2,3
BRDA:18,2,0,2
BRDA:18,2,1,6
BRDA:18,3,0,8
BRDA:18,3,1,7
BRDA:19,4,0,2
BRDA:19,4,1,4
BRDA:19,5,0,6
BRDA:19,5,1,4
BRDA:19,5,2,3
BRDA:22,6,0,2
BRDA:22,6,1,4
BRDA:22,7,0,6
BRDA:22,7,1,2
BRDA:22,7,2,1
BRF:19
BRH:19
end_of_record
